app/seeds.txt
com.johnsimon.payback.BuildConfig
com.johnsimon.payback.BuildConfig: boolean DEBUG
com.johnsimon.payback.BuildConfig: java.lang.String APPLICATION_ID
com.johnsimon.payback.BuildConfig: java.lang.String BUILD_TYPE
com.johnsimon.payback.BuildConfig: java.lang.String FLAVOR
com.johnsimon.payback.BuildConfig: int VERSION_CODE
com.johnsimon.payback.BuildConfig: java.lang.String VERSION_NAME
com.johnsimon.payback.BuildConfig: BuildConfig()
com.johnsimon.payback.R
com.johnsimon.payback.R: R()
com.johnsimon.payback.R$anim
com.johnsimon.payback.R$anim: int abc_fade_in
com.johnsimon.payback.R$anim: int abc_fade_out
com.johnsimon.payback.R$anim: int abc_slide_in_bottom
com.johnsimon.payback.R$anim: int abc_slide_in_top
com.johnsimon.payback.R$anim: int abc_slide_out_bottom
com.johnsimon.payback.R$anim: int abc_slide_out_top
com.johnsimon.payback.R$anim: int activity_in
com.johnsimon.payback.R$anim: int activity_in_reverse
com.johnsimon.payback.R$anim: int activity_out
com.johnsimon.payback.R$anim: int activity_out_reverse
com.johnsimon.payback.R$anim: int anticipate_slide_footer_down
com.johnsimon.payback.R$anim: int anticipate_slide_header_up
com.johnsimon.payback.R$anim: int checkbox_animation
com.johnsimon.payback.R$anim: int checkbox_animation_reverse
com.johnsimon.payback.R$anim: int fab_state_list_animator
com.johnsimon.payback.R$anim: int fade_in
com.johnsimon.payback.R$anim: int fade_in_from_bottom
com.johnsimon.payback.R$anim: int fade_out
com.johnsimon.payback.R$anim: int feed_header_enter
com.johnsimon.payback.R$anim: int feed_toolbar_enter
com.johnsimon.payback.R$anim: int floating_action_button_hide
com.johnsimon.payback.R$anim: int floating_action_button_show
com.johnsimon.payback.R$anim: int hand_wave
com.johnsimon.payback.R$anim: int in_from_top
com.johnsimon.payback.R$anim: int lock_open
com.johnsimon.payback.R$anim: int out_to_top
com.johnsimon.payback.R$anim: int overshoot_slide_footer_up
com.johnsimon.payback.R$array
com.johnsimon.payback.R$array: int bg_display
com.johnsimon.payback.R$array: int bg_entries
com.johnsimon.payback.R$array: int currencies
com.johnsimon.payback.R$array: R$array()
com.johnsimon.payback.R$attr
com.johnsimon.payback.R$attr: int actionBarDivider
com.johnsimon.payback.R$attr: int actionBarItemBackground
com.johnsimon.payback.R$attr: int actionBarPopupTheme
com.johnsimon.payback.R$attr: int actionBarSize
com.johnsimon.payback.R$attr: int actionBarSplitStyle
com.johnsimon.payback.R$attr: int actionBarStyle
com.johnsimon.payback.R$attr: int actionBarTabBarStyle
com.johnsimon.payback.R$attr: int actionBarTabStyle
com.johnsimon.payback.R$attr: int actionBarTabTextStyle
com.johnsimon.payback.R$attr: int actionBarTheme
com.johnsimon.payback.R$attr: int actionBarWidgetTheme
com.johnsimon.payback.R$attr: int actionButtonStyle
com.johnsimon.payback.R$attr: int actionDropDownStyle
com.johnsimon.payback.R$attr: int actionLayout
com.johnsimon.payback.R$attr: int actionMenuTextAppearance
com.johnsimon.payback.R$attr: int actionMenuTextColor
com.johnsimon.payback.R$attr: int actionModeBackground
com.johnsimon.payback.R$attr: int actionModeCloseButtonStyle
com.johnsimon.payback.R$attr: int actionModeCloseDrawable
com.johnsimon.payback.R$attr: int actionModeCopyDrawable
com.johnsimon.payback.R$attr: int actionModeCutDrawable
com.johnsimon.payback.R$attr: int actionModeFindDrawable
com.johnsimon.payback.R$attr: int actionModePasteDrawable
com.johnsimon.payback.R$attr: int actionModePopupWindowStyle
com.johnsimon.payback.R$attr: int actionModeSelectAllDrawable
com.johnsimon.payback.R$attr: int actionModeShareDrawable
...
com.google.android.gms.common.api.GoogleApiClient$Builder
com.google.android.gms.common.api.GoogleApiClient$Builder: GoogleApiClient$Builder(android.content.Context)
com.google.android.gms.common.api.GoogleApiClient$Builder: GoogleApiClient$Builder(android.content.Context,com.google.android.gms.common.api.GoogleApiClient$ConnectionCallbacks,com.google.android.gms.common.api.GoogleApiClient$OnConnectionFailedListener)
com.google.android.gms.common.api.GoogleApiClient$Builder: com.google.android.gms.common.api.GoogleApiClient$Builder setHandler(android.os.Handler)
com.google.android.gms.common.api.GoogleApiClient$Builder: com.google.android.gms.common.api.GoogleApiClient$Builder addConnectionCallbacks(com.google.android.gms.common.api.GoogleApiClient$ConnectionCallbacks)
com.google.android.gms.common.api.GoogleApiClient$Builder: com.google.android.gms.common.api.GoogleApiClient$Builder addOnConnectionFailedListener(com.google.android.gms.common.api.GoogleApiClient$OnConnectionFailedListener)
com.google.android.gms.common.api.GoogleApiClient$Builder: com.google.android.gms.common.api.GoogleApiClient$Builder setViewForPopups(android.view.View)
com.google.android.gms.common.api.GoogleApiClient$Builder: com.google.android.gms.common.api.GoogleApiClient$Builder addScope(com.google.android.gms.common.api.Scope)
com.google.android.gms.common.api.GoogleApiClient$Builder: com.google.android.gms.common.api.GoogleApiClient$Builder addApi(com.google.android.gms.common.api.Api)
com.google.android.gms.common.api.GoogleApiClient$ConnectionCallbacks
com.google.android.gms.common.api.GoogleApiClient$ConnectionCallbacks: int CAUSE_SERVICE_DISCONNECTED
com.google.android.gms.common.api.GoogleApiClient$ConnectionCallbacks: int CAUSE_NETWORK_LOST
com.google.android.gms.common.api.GoogleApiClient$ConnectionCallbacks: void onConnected(android.os.Bundle)
com.google.android.gms.common.api.GoogleApiClient$ConnectionCallbacks: void onConnectionSuspended(int)
com.google.android.gms.common.api.GoogleApiClient$OnConnectionFailedListener
com.google.android.gms.common.api.GoogleApiClient$OnConnectionFailedListener: void onConnectionFailed(com.google.android.gms.common.ConnectionResult)
com.google.android.gms.common.api.PendingResult
com.google.android.gms.common.api.PendingResult: com.google.android.gms.common.api.Result await()
com.google.android.gms.common.api.PendingResult: com.google.android.gms.common.api.Result await(long,java.util.concurrent.TimeUnit)
com.google.android.gms.common.api.PendingResult: void cancel()
com.google.android.gms.common.api.PendingResult: boolean isCanceled()
com.google.android.gms.common.api.PendingResult: void setResultCallback(com.google.android.gms.common.api.ResultCallback)
com.google.android.gms.common.api.PendingResult: void setResultCallback(com.google.android.gms.common.api.ResultCallback,long,java.util.concurrent.TimeUnit)
com.google.android.gms.common.api.PendingResult: void a(com.google.android.gms.common.api.PendingResult$a)
com.google.android.gms.common.api.PendingResult$a
com.google.android.gms.common.api.PendingResult$a: void m(com.google.android.gms.common.api.Status)
com.google.android.gms.common.api.Releasable
com.google.android.gms.common.api.Releasable: void release()
com.google.android.gms.common.api.Result
com.google.android.gms.common.api.Result: com.google.android.gms.common.api.Status getStatus()
com.google.android.gms.common.api.ResultCallback
com.google.android.gms.common.api.ResultCallback: void onResult(com.google.android.gms.common.api.Result)