app/mapping.txt
com.johnsimon.payback.BuildConfig -> com.johnsimon.payback.BuildConfig:
    boolean DEBUG -> DEBUG
    java.lang.String APPLICATION_ID -> APPLICATION_ID
    java.lang.String BUILD_TYPE -> BUILD_TYPE
    java.lang.String FLAVOR -> FLAVOR
    int VERSION_CODE -> VERSION_CODE
    java.lang.String VERSION_NAME -> VERSION_NAME
com.johnsimon.payback.R -> com.johnsimon.payback.R:
com.johnsimon.payback.R$anim -> com.johnsimon.payback.R$anim:
    int abc_fade_in -> abc_fade_in
    int abc_fade_out -> abc_fade_out
    int abc_slide_in_bottom -> abc_slide_in_bottom
    int abc_slide_in_top -> abc_slide_in_top
    int abc_slide_out_bottom -> abc_slide_out_bottom
    int abc_slide_out_top -> abc_slide_out_top
    int activity_in -> activity_in
    int activity_in_reverse -> activity_in_reverse
    int activity_out -> activity_out
    int activity_out_reverse -> activity_out_reverse
    int anticipate_slide_footer_down -> anticipate_slide_footer_down
    int anticipate_slide_header_up -> anticipate_slide_header_up
    int checkbox_animation -> checkbox_animation
    int checkbox_animation_reverse -> checkbox_animation_reverse
    int fab_state_list_animator -> fab_state_list_animator
    int fade_in -> fade_in
    int fade_in_from_bottom -> fade_in_from_bottom
    int fade_out -> fade_out
    int feed_header_enter -> feed_header_enter
    int feed_toolbar_enter -> feed_toolbar_enter
    int floating_action_button_hide -> floating_action_button_hide
    int floating_action_button_show -> floating_action_button_show
    int hand_wave -> hand_wave
    int in_from_top -> in_from_top
    int lock_open -> lock_open
    int out_to_top -> out_to_top
    int overshoot_slide_footer_up -> overshoot_slide_footer_up
    int overshoot_slide_header_down -> overshoot_slide_header_down
    int paid_back_dialog_in -> paid_back_dialog_in
com.johnsimon.payback.R$array -> com.johnsimon.payback.R$array:
    int bg_display -> bg_display
    int bg_entries -> bg_entries
    int currencies -> currencies
com.johnsimon.payback.R$attr -> com.johnsimon.payback.R$attr:
    int actionBarDivider -> actionBarDivider
    int actionBarItemBackground -> actionBarItemBackground
    int actionBarPopupTheme -> actionBarPopupTheme
    int actionBarSize -> actionBarSize
    int actionBarSplitStyle -> actionBarSplitStyle
    int actionBarStyle -> actionBarStyle
    int actionBarTabBarStyle -> actionBarTabBarStyle
    int actionBarTabStyle -> actionBarTabStyle
    int actionBarTabTextStyle -> actionBarTabTextStyle
    int actionBarTheme -> actionBarTheme
    int actionBarWidgetTheme -> actionBarWidgetTheme
    int actionButtonStyle -> actionButtonStyle
    int actionDropDownStyle -> actionDropDownStyle
    int actionLayout -> actionLayout
    int actionMenuTextAppearance -> actionMenuTextAppearance
    int actionMenuTextColor -> actionMenuTextColor
    int actionModeBackground -> actionModeBackground
    int actionModeCloseButtonStyle -> actionModeCloseButtonStyle
    int actionModeCloseDrawable -> actionModeCloseDrawable
    int actionModeCopyDrawable -> actionModeCopyDrawable
    int actionModeCutDrawable -> actionModeCutDrawable
    int actionModeFindDrawable -> actionModeFindDrawable
    int actionModePasteDrawable -> actionModePasteDrawable
    int actionModePopupWindowStyle -> actionModePopupWindowStyle
    int actionModeSelectAllDrawable -> actionModeSelectAllDrawable
    int actionModeShareDrawable -> actionModeShareDrawable
...
com.google.gson.JsonSerializationContext -> com.google.gson.JsonSerializationContext:
    com.google.gson.JsonElement serialize(java.lang.Object) -> serialize
    com.google.gson.JsonElement serialize(java.lang.Object,java.lang.reflect.Type) -> serialize
com.google.gson.JsonSerializer -> com.google.gson.JsonSerializer:
    com.google.gson.JsonElement serialize(java.lang.Object,java.lang.reflect.Type,com.google.gson.JsonSerializationContext) -> serialize
com.google.gson.JsonStreamParser -> com.google.gson.JsonStreamParser:
    com.google.gson.stream.JsonReader parser -> a
    java.lang.Object lock -> b
    82:93:com.google.gson.JsonElement next() -> next
    103:111:boolean hasNext() -> hasNext
    120:120:void remove() -> remove
    52:52:java.lang.Object next() -> next
com.google.gson.JsonSyntaxException -> com.google.gson.JsonSyntaxException:
    long serialVersionUID -> serialVersionUID
com.google.gson.LongSerializationPolicy -> com.google.gson.LongSerializationPolicy:
    com.google.gson.LongSerializationPolicy DEFAULT -> DEFAULT
    com.google.gson.LongSerializationPolicy STRING -> STRING
    com.google.gson.LongSerializationPolicy[] $VALUES -> a
    27:27:com.google.gson.LongSerializationPolicy[] values() -> values
    27:27:com.google.gson.LongSerializationPolicy valueOf(java.lang.String) -> valueOf
    com.google.gson.JsonElement serialize(java.lang.Long) -> serialize
com.google.gson.LongSerializationPolicy$1 -> apg:
    36:36:com.google.gson.JsonElement serialize(java.lang.Long) -> serialize
com.google.gson.LongSerializationPolicy$2 -> aph:
    47:47:com.google.gson.JsonElement serialize(java.lang.Long) -> serialize
com.google.gson.TreeTypeAdapter -> api:
    com.google.gson.JsonSerializer serializer -> a
    com.google.gson.JsonDeserializer deserializer -> b
    com.google.gson.Gson gson -> c
    com.google.gson.reflect.TypeToken typeToken -> d
    com.google.gson.TypeAdapterFactory skipPast -> e
    com.google.gson.TypeAdapter delegate -> f
    51:58:java.lang.Object read(com.google.gson.stream.JsonReader) -> read
    62:72:void write(com.google.gson.stream.JsonWriter,java.lang.Object) -> write
    75:76:com.google.gson.TypeAdapter delegate() -> a
    85:85:com.google.gson.TypeAdapterFactory newFactory(com.google.gson.reflect.TypeToken,java.lang.Object) -> a
    95:96:com.google.gson.TypeAdapterFactory newFactoryWithMatchRawType(com.google.gson.reflect.TypeToken,java.lang.Object) -> b
    105:105:com.google.gson.TypeAdapterFactory newTypeHierarchyFactory(java.lang.Class,java.lang.Object) -> a
com.google.gson.TreeTypeAdapter$1 -> apj:
com.google.gson.TreeTypeAdapter$SingleTypeFactory -> apk:
    com.google.gson.reflect.TypeToken exactType -> a
    boolean matchRawType -> b
    java.lang.Class hierarchyType -> c
    com.google.gson.JsonSerializer serializer -> d
    com.google.gson.JsonDeserializer deserializer -> e
    131:134:com.google.gson.TypeAdapter create(com.google.gson.Gson,com.google.gson.reflect.TypeToken) -> create
com.google.gson.TypeAdapter -> com.google.gson.TypeAdapter:
    void write(com.google.gson.stream.JsonWriter,java.lang.Object) -> write
    141:143:void toJson(java.io.Writer,java.lang.Object) -> toJson
    186:186:com.google.gson.TypeAdapter nullSafe() -> nullSafe
    215:217:java.lang.String toJson(java.lang.Object) -> toJson
    229:233:com.google.gson.JsonElement toJsonTree(java.lang.Object) -> toJsonTree
    java.lang.Object read(com.google.gson.stream.JsonReader) -> read
    255:256:java.lang.Object fromJson(java.io.Reader) -> fromJson
    269:269:java.lang.Object fromJson(java.lang.String) -> fromJson
    280:283:java.lang.Object fromJsonTree(com.google.gson.JsonElement) -> fromJsonTree
com.google.gson.TypeAdapter$1 -> apl:
    com.google.gson.TypeAdapter this$0 -> a
    188:193:void write(com.google.gson.stream.JsonWriter,java.lang.Object) -> write
    195:199:java.lang.Object read(com.google.gson.stream.JsonReader) -> read