app/unused.txt
com.johnsimon.payback.data.Debt:
    private static final int POSITIVE_COLOR
    private static final int NEGATIVE_COLOR
    private static final int POSITIVE_COLOR_DISABLED
    private static final int NEGATIVE_COLOR_DISABLED
com.johnsimon.payback.storage.DriveStorage:
    private static final int REQUEST_CODE_RESOLUTION
    private static final java.lang.String FILE_NAME
    private static final long MAX_REFRESH_FREQ
com.johnsimon.payback.storage.LocalStorage:
    private static final java.lang.String SAVE_KEY_DATA
com.johnsimon.payback.ui.NavigationDrawerFragment:
    private static final java.lang.String STATE_SELECTED_POSITION
    private static final java.lang.String PREF_USER_LEARNED_DRAWER
com.johnsimon.payback.ui.SettingsActivity:
    private static final boolean ALWAYS_SIMPLE_PREFS
com.johnsimon.payback.util.Resource:
    private static final int MAX_ACTIONS
    private static final int MAX_FREE_DEBTS
    private static final java.lang.String SAVE_KEY_FIRST_RUN
    private static final java.lang.String SAVE_KEY_CURRENCY
    private static final java.lang.String SAVE_KEY_ACTIONS
    private static final java.lang.String SAVE_KEY_NEVER_RATE
    private static final java.lang.String PACKAGE_NAME
    private static final java.lang.String ARG_PREFIX
com.johnsimon.payback.view.FloatLabelLayout:
    private static final long ANIMATION_DURATION
    private static final float DEFAULT_LABEL_PADDING_LEFT
    private static final float DEFAULT_LABEL_PADDING_TOP
    private static final float DEFAULT_LABEL_PADDING_RIGHT
    private static final float DEFAULT_LABEL_PADDING_BOTTOM
...
android.support.v4.graphics.drawable.DrawableCompatHoneycomb:
    24:24:DrawableCompatHoneycomb()
android.support.v4.graphics.drawable.DrawableCompatKitKat:
    24:24:DrawableCompatKitKat()
android.support.v4.graphics.drawable.DrawableCompatL:
    26:26:DrawableCompatL()
android.support.v4.graphics.drawable.RoundedBitmapDrawable:
    private static final int DEFAULT_PAINT_FLAGS
android.support.v4.graphics.drawable.RoundedBitmapDrawableFactory:
    private static final java.lang.String TAG
android.support.v4.hardware.display.DisplayManagerJellybeanMr1:
    22:22:DisplayManagerJellybeanMr1()
android.support.v4.media.MediaMetadataCompat:
    private static final java.lang.String TAG
    private static final int METADATA_TYPE_LONG
    private static final int METADATA_TYPE_TEXT
    private static final int METADATA_TYPE_BITMAP
    private static final int METADATA_TYPE_RATING
android.support.v4.media.MediaMetadataCompatApi21:
    25:46:MediaMetadataCompatApi21()
android.support.v4.media.RatingCompat:
    private static final java.lang.String TAG
    private static final float RATING_NOT_RATED
android.support.v4.media.RatingCompatApi21:
    21:21:RatingCompatApi21()
android.support.v4.media.TransportPerformer:
    static final int AUDIOFOCUS_GAIN
    static final int AUDIOFOCUS_GAIN_TRANSIENT
    static final int AUDIOFOCUS_GAIN_TRANSIENT_MAY_DUCK
    static final int AUDIOFOCUS_LOSS
    static final int AUDIOFOCUS_LOSS_TRANSIENT
    static final int AUDIOFOCUS_LOSS_TRANSIENT_CAN_DUCK
android.support.v4.media.VolumeProviderCompatApi21:
    21:41:VolumeProviderCompatApi21()
    38:39:public static void setCurrentVolume(java.lang.Object,int)
android.support.v4.media.routing.MediaRouterJellybean:
    private static final java.lang.String TAG
    public static final int ROUTE_TYPE_LIVE_AUDIO
    public static final int ROUTE_TYPE_LIVE_VIDEO
    public static final int ROUTE_TYPE_USER
    public static final int ALL_ROUTE_TYPES
    29:422:MediaRouterJellybean()
    42:42:public static java.lang.Object getMediaRouter(android.content.Context)
    47:53:public static java.util.List getRoutes(java.lang.Object)
    58:64:public static java.util.List getCategories(java.lang.Object)
    68:68:public static java.lang.Object getSelectedRoute(java.lang.Object,int)
    72:74:public static void selectRoute(java.lang.Object,int,java.lang.Object)
    77:79:public static void addCallback(java.lang.Object,int,java.lang.Object)
    82:84:public static void removeCallback(java.lang.Object,java.lang.Object)
    88:88:public static java.lang.Object createRouteCategory(java.lang.Object,java.lang.String,boolean)
    92:92:public static java.lang.Object createUserRoute(java.lang.Object,java.lang.Object)
    97:99:public static void addUserRoute(java.lang.Object,java.lang.Object)
    102:104:public static void removeUserRoute(java.lang.Object,java.lang.Object)
    107:107:public static java.lang.Object createCallback(android.support.v4.media.routing.MediaRouterJellybean$Callback)
    111:111:public static java.lang.Object createVolumeCallback(android.support.v4.media.routing.MediaRouterJellybean$VolumeCallback)
android.support.v4.media.routing.MediaRouterJellybean$CallbackProxy
android.support.v4.media.routing.MediaRouterJellybean$VolumeCallbackProxy
android.support.v4.media.routing.MediaRouterJellybeanMr1:
    private static final java.lang.String TAG
    30:164:MediaRouterJellybeanMr1()
    34:34:public static java.lang.Object createCallback(android.support.v4.media.routing.MediaRouterJellybeanMr1$Callback)
android.support.v4.media.routing.MediaRouterJellybeanMr1$ActiveScanWorkaround:
    private static final int WIFI_DISPLAY_SCAN_INTERVAL
android.support.v4.media.routing.MediaRouterJellybeanMr1$CallbackProxy
android.support.v4.media.routing.MediaRouterJellybeanMr2:
    19:39:MediaRouterJellybeanMr2()
    21:21:public static java.lang.Object getDefaultRoute(java.lang.Object)
    25:27:public static void addCallback(java.lang.Object,int,java.lang.Object,int)